<?xml version="1.0" encoding="UTF-8"?>
<!-- Generated by org.testng.reporters.JUnitReportReporter -->
<testsuite hostname="LAPTOP-HUB3DN2R" failures="0" tests="2" name="com.demoApp.testCases.CreateAccountPageTest" time="6.171" errors="0" timestamp="2024-07-15T13:25:45 IST" skipped="1">
  <testcase classname="com.demoApp.testCases.CreateAccountPageTest" name="createNewAccountFailedTest" time="6.171"/>
  <testcase classname="com.demoApp.testCases.CreateAccountPageTest" name="createNewAccountTest">
    <skipped/>
  </testcase> <!-- createNewAccountTest -->
</testsuite> <!-- com.demoApp.testCases.CreateAccountPageTest -->
