<?xml version="1.0" encoding="UTF-8"?>
<!-- Generated by org.testng.reporters.JUnitReportReporter -->
<testsuite hostname="LAPTOP-HUB3DN2R" failures="0" tests="1" name="com.demoApp.testCases.ProductSearchTest" time="27.444" errors="0" timestamp="2024-07-15T20:57:37 IST" skipped="0">
  <testcase classname="com.demoApp.testCases.ProductSearchTest" name="verifyProductSearchTest" time="27.444"/>
</testsuite> <!-- com.demoApp.testCases.ProductSearchTest -->
