<?xml version="1.0" encoding="UTF-8"?>
<!-- Generated by org.testng.reporters.JUnitReportReporter -->
<testsuite hostname="LAPTOP-HUB3DN2R" failures="0" tests="5" name="com.demoApp.testCases.ProductSearchTest" time="22.533" errors="0" timestamp="2024-07-17T13:24:49 IST" skipped="0">
  <testcase classname="com.demoApp.testCases.ProductSearchTest" name="clickLoginLinkTest" time="4.081"/>
  <testcase classname="com.demoApp.testCases.ProductSearchTest" name="loginSuccessTest" time="4.602"/>
  <testcase classname="com.demoApp.testCases.ProductSearchTest" name="searchProductTest" time="3.572"/>
  <testcase classname="com.demoApp.testCases.ProductSearchTest" name="findSearchedEntryProductTest" time="1.181"/>
  <testcase classname="com.demoApp.testCases.ProductSearchTest" name="homePageLogoutTest" time="9.097"/>
</testsuite> <!-- com.demoApp.testCases.ProductSearchTest -->
