<?xml version="1.0" encoding="UTF-8"?>
<!-- Generated by org.testng.reporters.JUnitReportReporter -->
<testsuite hostname="LAPTOP-HUB3DN2R" failures="0" tests="2" name="com.demoApp.testCases.LoginPageTest" time="7.379" errors="0" timestamp="2024-07-21T16:03:09 IST" skipped="0">
  <testcase classname="com.demoApp.testCases.LoginPageTest" name="loginSuccessTest" time="5.358"/>
  <testcase classname="com.demoApp.testCases.LoginPageTest" name="clickLoginInHomePageTest" time="2.021"/>
</testsuite> <!-- com.demoApp.testCases.LoginPageTest -->
