<?xml version="1.0" encoding="UTF-8"?>
<!-- Generated by org.testng.reporters.JUnitReportReporter -->
<testsuite hostname="LAPTOP-HUB3DN2R" failures="0" tests="1" name="com.demoApp.testCases.LoginPageTest" time="17.529" errors="0" timestamp="2024-07-16T15:30:32 IST" skipped="0">
  <testcase classname="com.demoApp.testCases.LoginPageTest" name="verifyLoginTest" time="17.529"/>
</testsuite> <!-- com.demoApp.testCases.LoginPageTest -->
