<?xml version="1.0" encoding="UTF-8"?>
<!-- Generated by org.testng.reporters.JUnitReportReporter -->
<testsuite hostname="LAPTOP-HUB3DN2R" failures="0" tests="10" name="com.demoApp.testCases.BuyProductTest" time="42.336" errors="0" timestamp="2024-07-21T16:03:09 IST" skipped="0">
  <testcase classname="com.demoApp.testCases.BuyProductTest" name="printOrderTest" time="2.473"/>
  <testcase classname="com.demoApp.testCases.BuyProductTest" name="checkOrderDetailsTest" time="1.007"/>
  <testcase classname="com.demoApp.testCases.BuyProductTest" name="findSearchedEntryProductTest" time="1.204"/>
  <testcase classname="com.demoApp.testCases.BuyProductTest" name="logoutTest" time="15.809"/>
  <testcase classname="com.demoApp.testCases.BuyProductTest" name="searchProductTest" time="2.274"/>
  <testcase classname="com.demoApp.testCases.BuyProductTest" name="productAddToCartTest" time="2.828"/>
  <testcase classname="com.demoApp.testCases.BuyProductTest" name="proceedToCheckoutTest" time="6.040"/>
  <testcase classname="com.demoApp.testCases.BuyProductTest" name="placeOrderTest" time="3.391"/>
  <testcase classname="com.demoApp.testCases.BuyProductTest" name="checkBillingAddressTest" time="1.881"/>
  <testcase classname="com.demoApp.testCases.BuyProductTest" name="orderSuccessandReceiptTest" time="5.429"/>
</testsuite> <!-- com.demoApp.testCases.BuyProductTest -->
