<?xml version="1.0" encoding="UTF-8"?>
<!-- Generated by org.testng.reporters.JUnitReportReporter -->
<testsuite hostname="LAPTOP-HUB3DN2R" failures="0" tests="1" name="com.demoApp.testCases.BuyProductTest" time="41.824" errors="0" timestamp="2024-07-17T00:19:02 IST" skipped="0">
  <testcase classname="com.demoApp.testCases.BuyProductTest" name="verifyBuyProductTest" time="41.824"/>
</testsuite> <!-- com.demoApp.testCases.BuyProductTest -->
