<?xml version="1.0" encoding="UTF-8"?>
<!-- Generated by org.testng.reporters.JUnitReportReporter -->
<testsuite hostname="LAPTOP-HUB3DN2R" failures="0" tests="3" name="com.demoApp.testCases.LoginPageTest" time="19.758" errors="0" timestamp="2024-07-17T13:24:49 IST" skipped="0">
  <testcase classname="com.demoApp.testCases.LoginPageTest" name="clickLoginInHomePageTest" time="3.971"/>
  <testcase classname="com.demoApp.testCases.LoginPageTest" name="loginSuccessTest" time="6.190"/>
  <testcase classname="com.demoApp.testCases.LoginPageTest" name="logoutSuccessTest" time="9.597"/>
</testsuite> <!-- com.demoApp.testCases.LoginPageTest -->
