<?xml version="1.0" encoding="UTF-8"?>
<!-- Generated by org.testng.reporters.JUnitReportReporter -->
<testsuite hostname="LAPTOP-HUB3DN2R" failures="0" tests="1" name="com.demoApp.testCases.BuyProductTest" time="25.005" errors="0" timestamp="2024-07-16T15:32:02 IST" skipped="0">
  <testcase classname="com.demoApp.testCases.BuyProductTest" name="verifyBuyProductTest" time="25.005"/>
</testsuite> <!-- com.demoApp.testCases.BuyProductTest -->
