<?xml version="1.0" encoding="UTF-8"?>
<!-- Generated by org.testng.reporters.JUnitReportReporter -->
<testsuite hostname="LAPTOP-HUB3DN2R" failures="0" tests="5" name="com.demoApp.testCases.LoginPageDataDrivenTest" time="50.269" errors="0" timestamp="2024-07-15T13:24:24 IST" skipped="0">
  <testcase classname="com.demoApp.testCases.LoginPageDataDrivenTest" name="verifyLoginTest" time="15.380"/>
  <testcase classname="com.demoApp.testCases.LoginPageDataDrivenTest" name="verifyLoginTest" time="5.166"/>
  <testcase classname="com.demoApp.testCases.LoginPageDataDrivenTest" name="verifyLoginTest" time="5.731"/>
  <testcase classname="com.demoApp.testCases.LoginPageDataDrivenTest" name="verifyLoginTest" time="16.595"/>
  <testcase classname="com.demoApp.testCases.LoginPageDataDrivenTest" name="verifyLoginTest" time="7.397"/>
</testsuite> <!-- com.demoApp.testCases.LoginPageDataDrivenTest -->
