<?xml version="1.0" encoding="UTF-8"?>
<!-- Generated by org.testng.reporters.JUnitReportReporter -->
<testsuite hostname="LAPTOP-HUB3DN2R" failures="0" tests="2" name="com.demoApp.testCases.ProductSearchTest" time="4.834" errors="0" timestamp="2024-07-21T15:47:52 IST" skipped="0">
  <testcase classname="com.demoApp.testCases.ProductSearchTest" name="searchProductTest" time="3.495"/>
  <testcase classname="com.demoApp.testCases.ProductSearchTest" name="findSearchedEntryProductTest" time="1.339"/>
</testsuite> <!-- com.demoApp.testCases.ProductSearchTest -->
