<?xml version="1.0" encoding="UTF-8"?>
<!-- Generated by org.testng.reporters.JUnitReportReporter -->
<testsuite hostname="LAPTOP-HUB3DN2R" failures="0" tests="1" name="com.demoApp.testCases.LoginPageTest" time="16.974" errors="0" timestamp="2024-07-15T08:59:20 IST" skipped="0">
  <testcase classname="com.demoApp.testCases.LoginPageTest" name="verifyLoginTest" time="16.974"/>
</testsuite> <!-- com.demoApp.testCases.LoginPageTest -->
