<?xml version="1.0" encoding="UTF-8"?>
<!-- Generated by org.testng.reporters.JUnitReportReporter -->
<testsuite hostname="LAPTOP-HUB3DN2R" failures="0" tests="6" name="com.demoApp.testCases.ProductSearchTest" time="14.872" errors="0" timestamp="2024-07-17T00:53:00 IST" skipped="1">
  <testcase classname="com.demoApp.testCases.ProductSearchTest" name="clickLoginLinkTest" time="1.153"/>
  <testcase classname="com.demoApp.testCases.ProductSearchTest" name="enterValidLoginCredentialsTest" time="2.263"/>
  <testcase classname="com.demoApp.testCases.ProductSearchTest" name="searchProductTest" time="3.110"/>
  <testcase classname="com.demoApp.testCases.ProductSearchTest" name="findSearchedEntryProductTest" time="0.703"/>
  <testcase classname="com.demoApp.testCases.ProductSearchTest" name="homePageLogoutTest" time="7.643"/>
  <testcase classname="com.demoApp.testCases.ProductSearchTest" name="goToProductPageTest">
    <skipped/>
  </testcase> <!-- goToProductPageTest -->
</testsuite> <!-- com.demoApp.testCases.ProductSearchTest -->
