<?xml version="1.0" encoding="UTF-8"?>
<!-- Generated by org.testng.reporters.JUnitReportReporter -->
<testsuite hostname="LAPTOP-HUB3DN2R" failures="0" tests="12" name="com.demoApp.testCases.BuyProductTest" time="83.343" errors="0" timestamp="2024-07-17T13:24:49 IST" skipped="0">
  <testcase classname="com.demoApp.testCases.BuyProductTest" name="placeOrderTest" time="3.885"/>
  <testcase classname="com.demoApp.testCases.BuyProductTest" name="clickLoginLinkTest" time="23.142"/>
  <testcase classname="com.demoApp.testCases.BuyProductTest" name="proceedToCheckoutTest" time="4.557"/>
  <testcase classname="com.demoApp.testCases.BuyProductTest" name="printOrderTest" time="2.568"/>
  <testcase classname="com.demoApp.testCases.BuyProductTest" name="searchProductTest" time="3.215"/>
  <testcase classname="com.demoApp.testCases.BuyProductTest" name="checkOrderDetailsTest" time="0.945"/>
  <testcase classname="com.demoApp.testCases.BuyProductTest" name="checkBillingAddressTest" time="2.356"/>
  <testcase classname="com.demoApp.testCases.BuyProductTest" name="findSearchedEntryProductTest" time="0.914"/>
  <testcase classname="com.demoApp.testCases.BuyProductTest" name="orderSuccessandReceiptTest" time="5.810"/>
  <testcase classname="com.demoApp.testCases.BuyProductTest" name="logoutTest" time="7.922"/>
  <testcase classname="com.demoApp.testCases.BuyProductTest" name="loginSuccessTest" time="25.417"/>
  <testcase classname="com.demoApp.testCases.BuyProductTest" name="productAddToCartTest" time="2.612"/>
</testsuite> <!-- com.demoApp.testCases.BuyProductTest -->
