<?xml version="1.0" encoding="UTF-8"?>
<!-- Generated by org.testng.reporters.JUnitReportReporter -->
<testsuite hostname="LAPTOP-HUB3DN2R" failures="0" tests="5" name="com.demoApp.testCases.ProductSearchTest" time="21.525" errors="0" timestamp="2024-07-17T08:53:32 IST" skipped="0">
  <testcase classname="com.demoApp.testCases.ProductSearchTest" name="clickLoginLinkTest" time="2.230"/>
  <testcase classname="com.demoApp.testCases.ProductSearchTest" name="enterValidLoginCredentialsTest" time="2.838"/>
  <testcase classname="com.demoApp.testCases.ProductSearchTest" name="searchProductTest" time="3.962"/>
  <testcase classname="com.demoApp.testCases.ProductSearchTest" name="findSearchedEntryProductTest" time="1.894"/>
  <testcase classname="com.demoApp.testCases.ProductSearchTest" name="homePageLogoutTest" time="10.601"/>
</testsuite> <!-- com.demoApp.testCases.ProductSearchTest -->
