<?xml version="1.0" encoding="UTF-8"?>
<!-- Generated by org.testng.reporters.JUnitReportReporter -->
<testsuite hostname="LAPTOP-HUB3DN2R" failures="0" tests="10" name="com.demoApp.testCases.BuyProductTest" time="23.736" errors="1" timestamp="2024-08-06T17:58:28 IST" skipped="3">
  <testcase classname="com.demoApp.testCases.BuyProductTest" name="orderSuccessandReceiptTest" time="0.000">
    <skipped/>
  </testcase> <!-- orderSuccessandReceiptTest -->
  <testcase classname="com.demoApp.testCases.BuyProductTest" name="placeOrderTest" time="4.522">
    <error message="element click intercepted: Element &lt;button class=&quot;action primary checkout&quot; type=&quot;submit&quot; data-bind=&quot;
                        click: placeOrder,
                        attr: {title: $t(&#039;Place Order&#039;)},
                        css: {disabled: !isPlaceOrderActionAllowed()},
                        enable: (getCode() == isChecked())
                        &quot; title=&quot;Place Order&quot; style=&quot;border: 2px solid yellow;&quot;&gt;...&lt;/button&gt; is not clickable at point (863, 350). Other element would receive the click: &lt;div class=&quot;billing-address-details&quot;&gt;...&lt;/div&gt;
  (Session info: MicrosoftEdge=127.0.2651.86)
Build info: version: &#039;4.22.0&#039;, revision: &#039;c5f3146703*&#039;
System info: os.name: &#039;Windows 11&#039;, os.arch: &#039;amd64&#039;, os.version: &#039;10.0&#039;, java.version: &#039;22.0.1&#039;
Driver info: org.openqa.selenium.edge.EdgeDriver
Command: [6703650dbd41e83ef86babba09dacbd2, clickElement {id=f.56537072A35E8B2CF9565FEDF5D8DE22.d.4C2BE84342AADC0E37B6933E17B4C28A.e.318}]
Capabilities {acceptInsecureCerts: false, browserName: MicrosoftEdge, browserVersion: 127.0.2651.86, fedcm:accounts: true, ms:edgeOptions: {debuggerAddress: localhost:54461}, msedge: {msedgedriverVersion: 127.0.2651.86 (ac31d8b82969..., userDataDir: C:\Users\admin\AppData\Loca...}, networkConnectionEnabled: false, pageLoadStrategy: normal, platformName: windows, proxy: Proxy(), se:cdp: ws://localhost:54461/devtoo..., se:cdpVersion: 127.0.2651.86, setWindowRect: true, strictFileInteractability: false, timeouts: {implicit: 0, pageLoad: 300000, script: 30000}, unhandledPromptBehavior: dismiss and notify, webauthn:extension:credBlob: true, webauthn:extension:largeBlob: true, webauthn:extension:minPinLength: true, webauthn:extension:prf: true, webauthn:virtualAuthenticators: true}
Element: [[EdgeDriver: MicrosoftEdge on windows (6703650dbd41e83ef86babba09dacbd2)] -&gt; xpath: //button[contains(@class,&#039;checkout&#039;)]]
Session ID: 6703650dbd41e83ef86babba09dacbd2" type="org.openqa.selenium.ElementClickInterceptedException">
      <![CDATA[org.openqa.selenium.ElementClickInterceptedException: element click intercepted: Element <button class="action primary checkout" type="submit" data-bind="
                        click: placeOrder,
                        attr: {title: $t('Place Order')},
                        css: {disabled: !isPlaceOrderActionAllowed()},
                        enable: (getCode() == isChecked())
                        " title="Place Order" style="border: 2px solid yellow;">...</button> is not clickable at point (863, 350). Other element would receive the click: <div class="billing-address-details">...</div>
  (Session info: MicrosoftEdge=127.0.2651.86)
Build info: version: '4.22.0', revision: 'c5f3146703*'
System info: os.name: 'Windows 11', os.arch: 'amd64', os.version: '10.0', java.version: '22.0.1'
Driver info: org.openqa.selenium.edge.EdgeDriver
Command: [6703650dbd41e83ef86babba09dacbd2, clickElement {id=f.56537072A35E8B2CF9565FEDF5D8DE22.d.4C2BE84342AADC0E37B6933E17B4C28A.e.318}]
Capabilities {acceptInsecureCerts: false, browserName: MicrosoftEdge, browserVersion: 127.0.2651.86, fedcm:accounts: true, ms:edgeOptions: {debuggerAddress: localhost:54461}, msedge: {msedgedriverVersion: 127.0.2651.86 (ac31d8b82969..., userDataDir: C:\Users\admin\AppData\Loca...}, networkConnectionEnabled: false, pageLoadStrategy: normal, platformName: windows, proxy: Proxy(), se:cdp: ws://localhost:54461/devtoo..., se:cdpVersion: 127.0.2651.86, setWindowRect: true, strictFileInteractability: false, timeouts: {implicit: 0, pageLoad: 300000, script: 30000}, unhandledPromptBehavior: dismiss and notify, webauthn:extension:credBlob: true, webauthn:extension:largeBlob: true, webauthn:extension:minPinLength: true, webauthn:extension:prf: true, webauthn:virtualAuthenticators: true}
Element: [[EdgeDriver: MicrosoftEdge on windows (6703650dbd41e83ef86babba09dacbd2)] -> xpath: //button[contains(@class,'checkout')]]
Session ID: 6703650dbd41e83ef86babba09dacbd2
at java.base/jdk.internal.reflect.DirectConstructorHandleAccessor.newInstance(DirectConstructorHandleAccessor.java:62)
at java.base/java.lang.reflect.Constructor.newInstanceWithCaller(Constructor.java:502)
at java.base/java.lang.reflect.Constructor.newInstance(Constructor.java:486)
at org.openqa.selenium.remote.ErrorCodec.decode(ErrorCodec.java:167)
at org.openqa.selenium.remote.codec.w3c.W3CHttpResponseCodec.decode(W3CHttpResponseCodec.java:138)
at org.openqa.selenium.remote.codec.w3c.W3CHttpResponseCodec.decode(W3CHttpResponseCodec.java:50)
at org.openqa.selenium.remote.HttpCommandExecutor.execute(HttpCommandExecutor.java:190)
at org.openqa.selenium.remote.service.DriverCommandExecutor.invokeExecute(DriverCommandExecutor.java:216)
at org.openqa.selenium.remote.service.DriverCommandExecutor.execute(DriverCommandExecutor.java:174)
at org.openqa.selenium.remote.RemoteWebDriver.execute(RemoteWebDriver.java:518)
at org.openqa.selenium.remote.RemoteWebElement.execute(RemoteWebElement.java:223)
at org.openqa.selenium.remote.RemoteWebElement.click(RemoteWebElement.java:76)
at java.base/jdk.internal.reflect.DirectMethodHandleAccessor.invoke(DirectMethodHandleAccessor.java:103)
at java.base/java.lang.reflect.Method.invoke(Method.java:580)
at org.openqa.selenium.support.pagefactory.internal.LocatingElementHandler.invoke(LocatingElementHandler.java:51)
at jdk.proxy2/jdk.proxy2.$Proxy30.click(Unknown Source)
at com.demoApp.pageObject.CheckoutPage.clickPlaceOrderButton(CheckoutPage.java:122)
at com.demoApp.testCases.BuyProductTest.placeOrderTest(BuyProductTest.java:161)
at java.base/jdk.internal.reflect.DirectMethodHandleAccessor.invoke(DirectMethodHandleAccessor.java:103)
at java.base/java.lang.reflect.Method.invoke(Method.java:580)
at org.testng.internal.invokers.MethodInvocationHelper.invokeMethod(MethodInvocationHelper.java:141)
at org.testng.internal.invokers.TestInvoker.invokeMethod(TestInvoker.java:686)
at org.testng.internal.invokers.TestInvoker.invokeTestMethod(TestInvoker.java:230)
at org.testng.internal.invokers.MethodRunner.runInSequence(MethodRunner.java:63)
at org.testng.internal.invokers.TestInvoker$MethodInvocationAgent.invoke(TestInvoker.java:992)
at org.testng.internal.invokers.TestInvoker.invokeTestMethods(TestInvoker.java:203)
at org.testng.internal.invokers.TestMethodWorker.invokeTestMethods(TestMethodWorker.java:154)
at org.testng.internal.invokers.TestMethodWorker.run(TestMethodWorker.java:134)
at java.base/java.util.ArrayList.forEach(ArrayList.java:1597)
at org.testng.TestRunner.privateRun(TestRunner.java:739)
at org.testng.TestRunner.run(TestRunner.java:614)
at org.testng.SuiteRunner.runTest(SuiteRunner.java:421)
at org.testng.SuiteRunner$SuiteWorker.run(SuiteRunner.java:463)
at org.testng.internal.thread.ThreadUtil.lambda$execute$0(ThreadUtil.java:64)
at java.base/java.util.concurrent.FutureTask.run(FutureTask.java:317)
at java.base/java.util.concurrent.ThreadPoolExecutor.runWorker(ThreadPoolExecutor.java:1144)
at java.base/java.util.concurrent.ThreadPoolExecutor$Worker.run(ThreadPoolExecutor.java:642)
at java.base/java.lang.Thread.run(Thread.java:1570)
]]>
    </error>
  </testcase> <!-- placeOrderTest -->
  <testcase classname="com.demoApp.testCases.BuyProductTest" name="logoutTest" time="0.000">
    <skipped/>
  </testcase> <!-- logoutTest -->
  <testcase classname="com.demoApp.testCases.BuyProductTest" name="checkBillingAddressTest" time="1.652"/>
  <testcase classname="com.demoApp.testCases.BuyProductTest" name="findSearchedEntryProductTest" time="3.986"/>
  <testcase classname="com.demoApp.testCases.BuyProductTest" name="proceedToCheckoutTest" time="6.516"/>
  <testcase classname="com.demoApp.testCases.BuyProductTest" name="checkOrderDetailsTest" time="1.137"/>
  <testcase classname="com.demoApp.testCases.BuyProductTest" name="productAddToCartTest" time="3.159"/>
  <testcase classname="com.demoApp.testCases.BuyProductTest" name="searchProductTest" time="2.764"/>
  <testcase classname="com.demoApp.testCases.BuyProductTest" name="printOrderTest" time="0.000">
    <skipped/>
  </testcase> <!-- printOrderTest -->
</testsuite> <!-- com.demoApp.testCases.BuyProductTest -->
