<?xml version="1.0" encoding="UTF-8"?>
<!-- Generated by org.testng.reporters.JUnitReportReporter -->
<testsuite hostname="LAPTOP-HUB3DN2R" failures="0" tests="1" name="com.demoApp.testCases.CreateAccountPageTest" time="5.976" errors="0" timestamp="2024-07-17T13:24:49 IST" skipped="0">
  <testcase classname="com.demoApp.testCases.CreateAccountPageTest" name="createNewAccountFailedTest" time="5.976"/>
</testsuite> <!-- com.demoApp.testCases.CreateAccountPageTest -->
